[debug] > Exec(test, None, None)
[warn] build source files have changed
[warn] modified files: 
[warn]   C:\Users\Salim\IdeaProjects\CRDTCounter\build.sbt
[warn] Apply these changes by running `reload`.
[warn] Automatically reload the build when source changes are detected by setting `Global / onChangedBuildSource := ReloadOnSourceChanges`.
[warn] Disable this warning by setting `Global / onChangedBuildSource := IgnoreSourceChanges`.
[debug] Evaluating tasks: Test / test
[debug] Running task... Cancel: Signal, check cycles: false, forcegc: true
[error] Modules were resolved with conflicting cross-version suffixes in ProjectRef(uri("file:/C:/Users/Salim/IdeaProjects/CRDTCounter/"), "root"):
[error]    org.scalatest:scalatest _2.13, _2.10
[error] java.lang.RuntimeException: Conflicting cross-version suffixes in: org.scalatest:scalatest
[error] 	at scala.sys.package$.error(package.scala:30)
[error] 	at sbt.librarymanagement.ConflictWarning$.processCrossVersioned(ConflictWarning.scala:39)
[error] 	at sbt.librarymanagement.ConflictWarning$.apply(ConflictWarning.scala:19)
[error] 	at sbt.Classpaths$.$anonfun$ivyBaseSettings$71(Defaults.scala:3203)
[error] 	at scala.Function1.$anonfun$compose$1(Function1.scala:49)
[error] 	at sbt.internal.util.$tilde$greater.$anonfun$$u2219$1(TypeFunctions.scala:62)
[error] 	at sbt.std.Transform$$anon$4.work(Transform.scala:68)
[error] 	at sbt.Execute.$anonfun$submit$2(Execute.scala:282)
[error] 	at sbt.internal.util.ErrorHandling$.wideConvert(ErrorHandling.scala:23)
[error] 	at sbt.Execute.work(Execute.scala:291)
[error] 	at sbt.Execute.$anonfun$submit$1(Execute.scala:282)
[error] 	at sbt.ConcurrentRestrictions$$anon$4.$anonfun$submitValid$1(ConcurrentRestrictions.scala:265)
[error] 	at sbt.CompletionService$$anon$2.call(CompletionService.scala:64)
[error] 	at java.base/java.util.concurrent.FutureTask.run(FutureTask.java:317)
[error] 	at java.base/java.util.concurrent.Executors$RunnableAdapter.call(Executors.java:577)
[error] 	at java.base/java.util.concurrent.FutureTask.run(FutureTask.java:317)
[error] 	at java.base/java.util.concurrent.ThreadPoolExecutor.runWorker(ThreadPoolExecutor.java:1144)
[error] 	at java.base/java.util.concurrent.ThreadPoolExecutor$Worker.run(ThreadPoolExecutor.java:642)
[error] 	at java.base/java.lang.Thread.run(Thread.java:1589)
[error] (update) Conflicting cross-version suffixes in: org.scalatest:scalatest
[error] Total time: 0 s, completed 11.04.2023, 15:04:33
[debug] > Exec(idea-shell, None, None)
